0    DEBUG [2013-10-03 14:29:38]  Request:
1    DEBUG [2013-10-03 14:29:38]  GET:https://api.weibo.com/2/users/show.json
48   DEBUG [2013-10-03 14:29:38]  Authorization: OAuth2 2.00RKoYFC1KDKmC90515601c1aFoJUE
48   DEBUG [2013-10-03 14:29:38]  API-RemoteIP: 192.168.1.100
1482 DEBUG [2013-10-03 14:29:39]  Response:
1482 DEBUG [2013-10-03 14:29:39]  https StatusCode:400
1482 DEBUG [2013-10-03 14:29:39]  Date:Thu, 03 Oct 2013 18:29:39 GMT
1482 DEBUG [2013-10-03 14:29:39]  Server:PWS/8.0.16
1482 DEBUG [2013-10-03 14:29:39]  Transfer-Encoding:chunked
1483 DEBUG [2013-10-03 14:29:39]  X-Px:nc h0-s54.p9-jfk ( pek-ag6-n6), nc pek-ag6-n6 ( origin)
1483 DEBUG [2013-10-03 14:29:39]  Content-Type:application/json;charset=UTF-8
1483 DEBUG [2013-10-03 14:29:39]  Age:0
1483 DEBUG [2013-10-03 14:29:39]  Via:1.1 varnish
1483 DEBUG [2013-10-03 14:29:39]  Vary:Accept-Encoding
1483 DEBUG [2013-10-03 14:29:39]  Api-Server-IP:10.75.5.59
1483 DEBUG [2013-10-03 14:29:39]  X-Varnish:960653123
1483 DEBUG [2013-10-03 14:29:39]  Connection:keep-alive
1485 WARN  [2013-10-03 14:29:39]  Going to buffer response body of large or unknown size. Using getResponseBodyAsStream instead is recommended.
1486 DEBUG [2013-10-03 14:29:39]  {"error":"User does not exists!","error_code":20003,"request":"/2/users/show.json"}

1489 DEBUG [2013-10-03 14:29:39]  Request:
1489 DEBUG [2013-10-03 14:29:39]  GET:https://api.weibo.com/2/users/show.json
1490 DEBUG [2013-10-03 14:29:39]  Authorization: OAuth2 2.00RKoYFC1KDKmC90515601c1aFoJUE
1490 DEBUG [2013-10-03 14:29:39]  API-RemoteIP: 192.168.1.100
1868 DEBUG [2013-10-03 14:29:40]  Response:
1868 DEBUG [2013-10-03 14:29:40]  https StatusCode:400
1868 DEBUG [2013-10-03 14:29:40]  Date:Thu, 03 Oct 2013 18:29:39 GMT
1868 DEBUG [2013-10-03 14:29:40]  Server:PWS/8.0.16
1868 DEBUG [2013-10-03 14:29:40]  Transfer-Encoding:chunked
1868 DEBUG [2013-10-03 14:29:40]  X-Px:nc h0-s54.p9-jfk ( pek-ag6-n6), nc pek-ag6-n6 ( origin)
1868 DEBUG [2013-10-03 14:29:40]  Content-Type:application/json;charset=UTF-8
1869 DEBUG [2013-10-03 14:29:40]  Age:0
1869 DEBUG [2013-10-03 14:29:40]  Via:1.1 varnish
1869 DEBUG [2013-10-03 14:29:40]  Vary:Accept-Encoding
1869 DEBUG [2013-10-03 14:29:40]  Api-Server-IP:10.75.5.91
1869 DEBUG [2013-10-03 14:29:40]  X-Varnish:465239052
1869 DEBUG [2013-10-03 14:29:40]  Connection:keep-alive
1869 WARN  [2013-10-03 14:29:40]  Going to buffer response body of large or unknown size. Using getResponseBodyAsStream instead is recommended.
1870 DEBUG [2013-10-03 14:29:40]  {"error":"User does not exists!","error_code":20003,"request":"/2/users/show.json"}

0    DEBUG [2013-10-03 14:29:53]  Request:
1    DEBUG [2013-10-03 14:29:53]  GET:https://api.weibo.com/2/users/show.json
50   DEBUG [2013-10-03 14:29:53]  Authorization: OAuth2 2.00RKoYFC1KDKmC90515601c1aFoJUE
50   DEBUG [2013-10-03 14:29:53]  API-RemoteIP: 192.168.1.100
1372 DEBUG [2013-10-03 14:29:54]  Response:
1372 DEBUG [2013-10-03 14:29:54]  https StatusCode:200
1372 DEBUG [2013-10-03 14:29:54]  Date:Thu, 03 Oct 2013 18:29:54 GMT
1372 DEBUG [2013-10-03 14:29:54]  Server:PWS/8.0.16
1373 DEBUG [2013-10-03 14:29:54]  Transfer-Encoding:chunked
1373 DEBUG [2013-10-03 14:29:54]  X-Px:nc h0-s54.p9-jfk ( pek-ag6-n9), nc pek-ag6-n9 ( origin)
1373 DEBUG [2013-10-03 14:29:54]  Content-Type:application/json;charset=UTF-8
1373 DEBUG [2013-10-03 14:29:54]  Age:0
1373 DEBUG [2013-10-03 14:29:54]  Via:1.1 varnish
1373 DEBUG [2013-10-03 14:29:54]  Vary:Accept-Encoding
1373 DEBUG [2013-10-03 14:29:54]  Api-Server-IP:10.75.0.173
1373 DEBUG [2013-10-03 14:29:54]  X-Varnish:296970183
1373 DEBUG [2013-10-03 14:29:54]  Connection:keep-alive
1375 WARN  [2013-10-03 14:29:54]  Going to buffer response body of large or unknown size. Using getResponseBodyAsStream instead is recommended.
1377 DEBUG [2013-10-03 14:29:54]  {"id":2308247765,"idstr":"2308247765","class":1,"screen_name":"WYK_York","name":"WYK_York","province":"11","city":"2","location":"北京 西城区","description":"全心全意，直面未来","url":"","profile_image_url":"http://tp2.sinaimg.cn/2308247765/50/5666577166/1","profile_url":"yorkwang91","domain":"yorkwang91","weihao":"","gender":"m","followers_count":255,"friends_count":229,"statuses_count":358,"favourites_count":96,"created_at":"Wed Aug 17 15:25:11 +0800 2011","following":true,"allow_all_act_msg":false,"geo_enabled":true,"verified":false,"verified_type":220,"remark":"","status":{"created_at":"Mon Sep 23 21:26:34 +0800 2013","id":3625805232040720,"mid":"3625805232040720","idstr":"3625805232040720","text":"本周开始提高效率做个晨型人，每天用闹钟和洗澡水把自己弄醒[书呆子]奋斗吧少年","source":"<a href=\"http://app.weibo.com/t/feed/9ksdit\" rel=\"nofollow\">iPhone客户端</a>","favorited":false,"truncated":false,"in_reply_to_status_id":"","in_reply_to_user_id":"","in_reply_to_screen_name":"","pic_urls":[],"geo":null,"annotations":[{"client_mblogid":"iPhone-1957C90C-A332-4F1C-82DF-9977AFD7A02A"}],"reposts_count":0,"comments_count":0,"attitudes_count":0,"mlevel":0,"visible":{"type":0,"list_id":0}},"ptype":0,"allow_all_comment":true,"avatar_large":"http://tp2.sinaimg.cn/2308247765/180/5666577166/1","avatar_hd":"http://tp2.sinaimg.cn/2308247765/180/5666577166/1","verified_reason":"","follow_me":true,"online_status":0,"bi_followers_count":163,"lang":"zh-cn","star":0,"mbtype":0,"mbrank":0,"block_word":0}

1388 DEBUG [2013-10-03 14:29:54]  Request:
1388 DEBUG [2013-10-03 14:29:54]  GET:https://api.weibo.com/2/users/show.json
1389 DEBUG [2013-10-03 14:29:54]  Authorization: OAuth2 2.00RKoYFC1KDKmC90515601c1aFoJUE
1389 DEBUG [2013-10-03 14:29:54]  API-RemoteIP: 192.168.1.100
1707 DEBUG [2013-10-03 14:29:54]  Response:
1708 DEBUG [2013-10-03 14:29:54]  https StatusCode:400
1708 DEBUG [2013-10-03 14:29:54]  Date:Thu, 03 Oct 2013 18:29:54 GMT
1708 DEBUG [2013-10-03 14:29:54]  Server:PWS/8.0.16
1708 DEBUG [2013-10-03 14:29:54]  Transfer-Encoding:chunked
1708 DEBUG [2013-10-03 14:29:54]  X-Px:nc h0-s54.p9-jfk ( pek-ag6-n9), nc pek-ag6-n9 ( origin)
1708 DEBUG [2013-10-03 14:29:54]  Content-Type:application/json;charset=UTF-8
1708 DEBUG [2013-10-03 14:29:54]  Age:0
1709 DEBUG [2013-10-03 14:29:54]  Via:1.1 varnish
1709 DEBUG [2013-10-03 14:29:54]  Vary:Accept-Encoding
1709 DEBUG [2013-10-03 14:29:54]  Api-Server-IP:10.75.5.66
1709 DEBUG [2013-10-03 14:29:54]  X-Varnish:296970773
1709 DEBUG [2013-10-03 14:29:54]  Connection:keep-alive
1709 WARN  [2013-10-03 14:29:54]  Going to buffer response body of large or unknown size. Using getResponseBodyAsStream instead is recommended.
1710 DEBUG [2013-10-03 14:29:54]  {"error":"User does not exists!","error_code":20003,"request":"/2/users/show.json"}

